[debug] [2022-06-13T12:42:27.909Z] ----------------------------------------------------------------------
[debug] [2022-06-13T12:42:27.911Z] Command:       C:\Program Files\nodejs\node.exe C:\Users\usuario\AppData\Roaming\npm\node_modules\firebase-tools\lib\bin\firebase.js init
[debug] [2022-06-13T12:42:27.912Z] CLI Version:   11.0.1
[debug] [2022-06-13T12:42:27.912Z] Platform:      win32
[debug] [2022-06-13T12:42:27.913Z] Node Version:  v16.13.1
[debug] [2022-06-13T12:42:27.914Z] Time:          Mon Jun 13 2022 09:42:27 GMT-0300 (hora estándar de Argentina)
[debug] [2022-06-13T12:42:27.914Z] ----------------------------------------------------------------------
[debug] 
[debug] [2022-06-13T12:42:27.926Z] > command requires scopes: ["email","openid","https://www.googleapis.com/auth/cloudplatformprojects.readonly","https://www.googleapis.com/auth/firebase","https://www.googleapis.com/auth/cloud-platform"]
[debug] [2022-06-13T12:42:27.927Z] > authorizing via signed-in user (nicocamara92@gmail.com)
[info] 
     ######## #### ########  ######## ########     ###     ######  ########
     ##        ##  ##     ## ##       ##     ##  ##   ##  ##       ##
     ######    ##  ########  ######   ########  #########  ######  ######
     ##        ##  ##    ##  ##       ##     ## ##     ##       ## ##
     ##       #### ##     ## ######## ########  ##     ##  ######  ########

You're about to initialize a Firebase project in this directory:

  C:\Curso React\calc-app

Before we get started, keep in mind:

  * You are currently outside your home directory

[info] 
=== Project Setup
[info] 
[info] First, let's associate this project directory with a Firebase project.
[info] You can create multiple project aliases by running firebase use --add, 
[info] but for now we'll just set up a default project.
[info] 
[info] i  If you want to create a project in a Google Cloud organization or folder, please use "firebase projects:create" instead, and return to this command when you've created the project. 
[debug] [2022-06-13T12:45:49.945Z] >>> [apiv2][query] POST https://cloudresourcemanager.googleapis.com/v1/projects [none]
[debug] [2022-06-13T12:45:49.946Z] >>> [apiv2][body] POST https://cloudresourcemanager.googleapis.com/v1/projects {"projectId":"calc-app-first","name":"calc-app-first"}
[debug] [2022-06-13T12:45:51.499Z] <<< [apiv2][status] POST https://cloudresourcemanager.googleapis.com/v1/projects 409
[debug] [2022-06-13T12:45:51.499Z] <<< [apiv2][body] POST https://cloudresourcemanager.googleapis.com/v1/projects {"error":{"code":409,"message":"Requested entity already exists","status":"ALREADY_EXISTS"}}
[debug] [2022-06-13T12:45:51.508Z] FirebaseError: HTTP Error: 409, Requested entity already exists
    at module.exports (C:\Users\usuario\AppData\Roaming\npm\node_modules\firebase-tools\lib\responseToError.js:47:12)
    at RetryOperation._fn (C:\Users\usuario\AppData\Roaming\npm\node_modules\firebase-tools\lib\apiv2.js:286:39)
    at processTicksAndRejections (node:internal/process/task_queues:96:5)
[error] 
[error] Error: Failed to create project because there is already a project with ID calc-app-first. Please try again with a unique project ID.
[debug] [2022-06-13T12:49:01.745Z] ----------------------------------------------------------------------
[debug] [2022-06-13T12:49:01.751Z] Command:       C:\Program Files\nodejs\node.exe C:\Users\usuario\AppData\Roaming\npm\node_modules\firebase-tools\lib\bin\firebase.js init
[debug] [2022-06-13T12:49:01.753Z] CLI Version:   11.0.1
[debug] [2022-06-13T12:49:01.753Z] Platform:      win32
[debug] [2022-06-13T12:49:01.754Z] Node Version:  v16.13.1
[debug] [2022-06-13T12:49:01.756Z] Time:          Mon Jun 13 2022 09:49:01 GMT-0300 (hora estándar de Argentina)
[debug] [2022-06-13T12:49:01.757Z] ----------------------------------------------------------------------
[debug] 
[debug] [2022-06-13T12:49:01.778Z] > command requires scopes: ["email","openid","https://www.googleapis.com/auth/cloudplatformprojects.readonly","https://www.googleapis.com/auth/firebase","https://www.googleapis.com/auth/cloud-platform"]
[debug] [2022-06-13T12:49:01.779Z] > authorizing via signed-in user (nicocamara92@gmail.com)
[info] 
     ######## #### ########  ######## ########     ###     ######  ########
     ##        ##  ##     ## ##       ##     ##  ##   ##  ##       ##
     ######    ##  ########  ######   ########  #########  ######  ######
     ##        ##  ##    ##  ##       ##     ## ##     ##       ## ##
     ##       #### ##     ## ######## ########  ##     ##  ######  ########

You're about to initialize a Firebase project in this directory:

  C:\Curso React\calc-app

Before we get started, keep in mind:

  * You are currently outside your home directory

[info] 
=== Project Setup
[info] 
[info] First, let's associate this project directory with a Firebase project.
[info] You can create multiple project aliases by running firebase use --add, 
[info] but for now we'll just set up a default project.
[info] 
[info] i  If you want to create a project in a Google Cloud organization or folder, please use "firebase projects:create" instead, and return to this command when you've created the project. 
[debug] [2022-06-13T12:50:59.178Z] >>> [apiv2][query] POST https://cloudresourcemanager.googleapis.com/v1/projects [none]
[debug] [2022-06-13T12:50:59.178Z] >>> [apiv2][body] POST https://cloudresourcemanager.googleapis.com/v1/projects {"projectId":"calc-app-first","name":"calc-app-first"}
[debug] [2022-06-13T12:51:00.246Z] <<< [apiv2][status] POST https://cloudresourcemanager.googleapis.com/v1/projects 409
[debug] [2022-06-13T12:51:00.246Z] <<< [apiv2][body] POST https://cloudresourcemanager.googleapis.com/v1/projects {"error":{"code":409,"message":"Requested entity already exists","status":"ALREADY_EXISTS"}}
[debug] [2022-06-13T12:51:00.251Z] FirebaseError: HTTP Error: 409, Requested entity already exists
    at module.exports (C:\Users\usuario\AppData\Roaming\npm\node_modules\firebase-tools\lib\responseToError.js:47:12)
    at RetryOperation._fn (C:\Users\usuario\AppData\Roaming\npm\node_modules\firebase-tools\lib\apiv2.js:286:39)
    at processTicksAndRejections (node:internal/process/task_queues:96:5)
[error] 
[error] Error: Failed to create project because there is already a project with ID calc-app-first. Please try again with a unique project ID.
[debug] [2022-06-13T12:52:19.096Z] ----------------------------------------------------------------------
[debug] [2022-06-13T12:52:19.098Z] Command:       C:\Program Files\nodejs\node.exe C:\Users\usuario\AppData\Roaming\npm\node_modules\firebase-tools\lib\bin\firebase.js init
[debug] [2022-06-13T12:52:19.099Z] CLI Version:   11.0.1
[debug] [2022-06-13T12:52:19.099Z] Platform:      win32
[debug] [2022-06-13T12:52:19.099Z] Node Version:  v16.13.1
[debug] [2022-06-13T12:52:19.100Z] Time:          Mon Jun 13 2022 09:52:19 GMT-0300 (hora estándar de Argentina)
[debug] [2022-06-13T12:52:19.101Z] ----------------------------------------------------------------------
[debug] 
[debug] [2022-06-13T12:52:19.111Z] > command requires scopes: ["email","openid","https://www.googleapis.com/auth/cloudplatformprojects.readonly","https://www.googleapis.com/auth/firebase","https://www.googleapis.com/auth/cloud-platform"]
[debug] [2022-06-13T12:52:19.112Z] > authorizing via signed-in user (nicocamara92@gmail.com)
[info] 
     ######## #### ########  ######## ########     ###     ######  ########
     ##        ##  ##     ## ##       ##     ##  ##   ##  ##       ##
     ######    ##  ########  ######   ########  #########  ######  ######
     ##        ##  ##    ##  ##       ##     ## ##     ##       ## ##
     ##       #### ##     ## ######## ########  ##     ##  ######  ########

You're about to initialize a Firebase project in this directory:

  C:\Curso React\calc-app

Before we get started, keep in mind:

  * You are currently outside your home directory

[info] 
=== Project Setup
[info] 
[info] First, let's associate this project directory with a Firebase project.
[info] You can create multiple project aliases by running firebase use --add, 
[info] but for now we'll just set up a default project.
[info] 
[info] i  If you want to create a project in a Google Cloud organization or folder, please use "firebase projects:create" instead, and return to this command when you've created the project. 
[debug] [2022-06-13T12:53:28.133Z] >>> [apiv2][query] POST https://cloudresourcemanager.googleapis.com/v1/projects [none]
[debug] [2022-06-13T12:53:28.134Z] >>> [apiv2][body] POST https://cloudresourcemanager.googleapis.com/v1/projects {"projectId":"App-calc","name":"App-calc"}
[debug] [2022-06-13T12:53:29.461Z] <<< [apiv2][status] POST https://cloudresourcemanager.googleapis.com/v1/projects 400
[debug] [2022-06-13T12:53:29.461Z] <<< [apiv2][body] POST https://cloudresourcemanager.googleapis.com/v1/projects {"error":{"code":400,"message":"field [project_id] has issue [project_id contains invalid characters]","status":"INVALID_ARGUMENT","details":[{"@type":"type.googleapis.com/google.rpc.BadRequest","fieldViolations":[{"field":"project_id","description":"project_id contains invalid characters"}]},{"@type":"type.googleapis.com/google.rpc.Help","links":[{"url":"https://cloud.google.com/resource-manager/reference/rest/v1/projects"}]}]}}
[debug] [2022-06-13T12:53:29.464Z] FirebaseError: HTTP Error: 400, field [project_id] has issue [project_id contains invalid characters]
    at module.exports (C:\Users\usuario\AppData\Roaming\npm\node_modules\firebase-tools\lib\responseToError.js:47:12)
    at RetryOperation._fn (C:\Users\usuario\AppData\Roaming\npm\node_modules\firebase-tools\lib\apiv2.js:286:39)
    at processTicksAndRejections (node:internal/process/task_queues:96:5)
[error] 
[error] Error: Failed to create project. See firebase-debug.log for more info.
